<?xml version="1.0" encoding="UTF-8"?>
<testng-results skipped="0" failed="0" total="1" passed="1">
  <reporter-output>
  </reporter-output>
  <suite name="Default suite" duration-ms="12188" started-at="2017-10-11T04:03:43Z" finished-at="2017-10-11T04:03:55Z">
    <groups>
    </groups>
    <test name="Default test" duration-ms="12188" started-at="2017-10-11T04:03:43Z" finished-at="2017-10-11T04:03:55Z">
      <class name="com.orangehrm.tests.AdminLoginTest">
        <test-method status="PASS" signature="launchApp()[pri:0, instance:com.orangehrm.tests.AdminLoginTest@6587f194]" name="launchApp" is-config="true" duration-ms="10234" started-at="2017-10-11T09:33:33Z" finished-at="2017-10-11T09:33:43Z">
          <reporter-output>
          </reporter-output>
        </test-method> <!-- launchApp -->
        <test-method status="PASS" signature="adminLoginTest()[pri:0, instance:com.orangehrm.tests.AdminLoginTest@6587f194]" name="adminLoginTest" duration-ms="12162" started-at="2017-10-11T09:33:43Z" finished-at="2017-10-11T09:33:55Z">
          <reporter-output>
          </reporter-output>
        </test-method> <!-- adminLoginTest -->
        <test-method status="PASS" signature="closeApp()[pri:0, instance:com.orangehrm.tests.AdminLoginTest@6587f194]" name="closeApp" is-config="true" duration-ms="0" started-at="2017-10-11T09:33:55Z" finished-at="2017-10-11T09:33:55Z">
          <reporter-output>
          </reporter-output>
        </test-method> <!-- closeApp -->
      </class> <!-- com.orangehrm.tests.AdminLoginTest -->
    </test> <!-- Default test -->
  </suite> <!-- Default suite -->
</testng-results>
